Arguments: 
  C:\Program Files\nodejs\node.exe C:\Users\M&G\.node\corepack\yarn\1.22.15\bin\yarn.js add react-circular-gradient-progress --save

PATH: 
  C:\Python310\Scripts\;C:\Python310\;C:\Program Files (x86)\Common Files\Oracle\Java\javapath;C:\ProgramData\Oracle\Java\javapath;C:\Program Files (x86)\Intel\iCLS Client\;C:\Program Files\Intel\iCLS Client\;C:\WINDOWS\system32;C:\WINDOWS;C:\WINDOWS\System32\Wbem;C:\WINDOWS\System32\WindowsPowerShell\v1.0\;C:\Program Files (x86)\Intel\Intel(R) Management Engine Components\DAL;C:\Program Files\Intel\Intel(R) Management Engine Components\DAL;C:\Program Files (x86)\Intel\Intel(R) Management Engine Components\IPT;C:\Program Files\Intel\Intel(R) Management Engine Components\IPT;C:\WINDOWS\System32\OpenSSH\;C:\Program Files\MATLAB\R2018b\runtime\win64;C:\Program Files\MATLAB\R2018b\bin;C:\Program Files\Git\cmd;C:\Users\M&G\AppData\Local\Programs\Python\Python38-32;C:\ProgramData\chocolatey\bin;C:\Program Files\nodejs\;C:\Users\M&G\AppData\Local\Microsoft\WindowsApps;C:\Users\C:\Users\M&G\AppData\Local\Programs\Microsoft VS Code\bin;C:\flutter\bin;C:\Program Files\nodejs\node.exe;C:\Users\C:\Users\M&G\AppData\Roaming\npm;C:\Windows\SysWOW64;;C:\Users\M&G\AppData\Local\Programs\Microsoft VS Code\bin

Yarn version: 
  1.22.15

Node version: 
  16.15.1

Platform: 
  win32 x64

Trace: 
  Error: EPERM: operation not permitted, unlink 'D:\New folder vite\node_modules\@esbuild\win32-x64\esbuild.exe'

npm manifest: 
  {
    "name": "vite-react-starter",
    "private": true,
    "version": "0.0.0",
    "type": "module",
    "scripts": {
      "dev": "vite",
      "build": "vite build",
      "preview": "vite preview"
    },
   "dependencies": {
    "react": "^18.2.0",
          "react-dom": "^18.2.0",
          "@emotion/react": "^11.10.0",
      "@emotion/styled": "^11.10.0",
      "@fortawesome/fontawesome-svg-core": "^6.1.2",
      "@fortawesome/free-regular-svg-icons": "^6.1.2",
      "@fortawesome/free-solid-svg-icons": "^6.1.2",
      "@mui/icons-material": "^5.10.3",
      "@mui/material": "^5.10.1",
      "@react-icons/all-files": "^4.1.0",
      "@reduxjs/toolkit": "^1.8.3",
      "@svgr/webpack": "^6.2.1",
      "@testing-library/jest-dom": "^5.16.4",
      "@testing-library/react": "^13.1.1",
      "@testing-library/user-event": "^13.5.0",
      "aos": "^2.3.4",
      "framer-motion": "^7.3.2",
      "react-circular-progressbar": "^2.1.0",
      "react-icons": "^4.4.0",
      "react-redux": "^8.0.2",
      "react-scripts": "^5.0.1",
      "redux": "^4.2.0",
      "web-vitals": "^2.1.4"
      
  
    },
    "devDependencies": {
      "@types/react": "^18.0.27",
      "@types/react-dom": "^18.0.10",
      "@vitejs/plugin-react": "^3.1.0",
      "vite": "^4.1.0"
      
    }
  }

yarn manifest: 
  No manifest

Lockfile: 
  No lockfile
